-------------------------------------------------------------------------------
Test set: RunnerTest
-------------------------------------------------------------------------------
Tests run: 6, Failures: 0, Errors: 4, Skipped: 0, Time elapsed: 15.111 s <<< FAILURE! - in RunnerTest
Endpoint GET payment con criterio de busqueda PaymentID(Dominio Payments endpoint GET Payments)  Time elapsed: 1.919 s  <<< ERROR!
com.google.gson.JsonSyntaxException: java.lang.NumberFormatException: Expected an int but was 47.74 at line 1 column 289 path $.paymentsList[0].paymentAmount.amount
Caused by: java.lang.NumberFormatException: Expected an int but was 47.74 at line 1 column 289 path $.paymentsList[0].paymentAmount.amount

Endpoint GET payment con criterio de busqueda User account_id(Dominio Payments endpoint GET Payments)  Time elapsed: 1.523 s  <<< ERROR!
com.google.gson.JsonSyntaxException: java.lang.NumberFormatException: Expected an int but was 47.74 at line 1 column 1059 path $.paymentsList[1].paymentAmount.amount
Caused by: java.lang.NumberFormatException: Expected an int but was 47.74 at line 1 column 1059 path $.paymentsList[1].paymentAmount.amount

Endpoint GET payment con criterio de busqueda PaymentID(Dominio Payments endpoint GET Payments)  Time elapsed: 1.59 s  <<< ERROR!
com.google.gson.JsonSyntaxException: java.lang.NumberFormatException: Expected an int but was 47.74 at line 1 column 289 path $.paymentsList[0].paymentAmount.amount
Caused by: java.lang.NumberFormatException: Expected an int but was 47.74 at line 1 column 289 path $.paymentsList[0].paymentAmount.amount

Endpoint GET payment con criterio de busqueda PaymentID(Dominio Payments endpoint GET Payments)  Time elapsed: 1.169 s  <<< ERROR!
com.google.gson.JsonSyntaxException: java.lang.NumberFormatException: Expected an int but was 47.74 at line 1 column 289 path $.paymentsList[0].paymentAmount.amount
Caused by: java.lang.NumberFormatException: Expected an int but was 47.74 at line 1 column 289 path $.paymentsList[0].paymentAmount.amount

